2023-03-14 09:35:39.0233|48|ERROR|Microsoft.AspNetCore.DataProtection.KeyManagement.KeyRingProvider|An error occurred while reading the key ring. System.Xml.XmlException: '.', hexadecimal value 0x00, is an invalid character. Line 1, position 1.
   at System.Xml.XmlTextReaderImpl.Throw(Exception e)
   at System.Xml.XmlTextReaderImpl.Throw(String res, String[] args)
   at System.Xml.XmlTextReaderImpl.ParseRootLevelWhitespace()
   at System.Xml.XmlTextReaderImpl.ParseDocumentContent()
   at System.Xml.XmlTextReaderImpl.Read()
   at System.Xml.XmlReader.MoveToContent()
   at System.Xml.Linq.XElement.Load(XmlReader reader, LoadOptions options)
   at System.Xml.Linq.XElement.Load(Stream stream, LoadOptions options)
   at System.Xml.Linq.XElement.Load(Stream stream)
   at Microsoft.AspNetCore.DataProtection.Repositories.FileSystemXmlRepository.ReadElementFromFile(String fullPath)
   at Microsoft.AspNetCore.DataProtection.Repositories.FileSystemXmlRepository.GetAllElementsCore()+MoveNext()
   at System.Collections.Generic.List`1.AddEnumerable(IEnumerable`1 enumerable)
   at System.Linq.Enumerable.ToList[TSource](IEnumerable`1 source)
   at Microsoft.AspNetCore.DataProtection.Repositories.FileSystemXmlRepository.GetAllElements()
   at Microsoft.AspNetCore.DataProtection.KeyManagement.XmlKeyManager.GetAllKeys()
   at Microsoft.AspNetCore.DataProtection.KeyManagement.KeyRingProvider.CreateCacheableKeyRingCore(DateTimeOffset now, IKey keyJustAdded)
   at Microsoft.AspNetCore.DataProtection.KeyManagement.KeyRingProvider.Microsoft.AspNetCore.DataProtection.KeyManagement.Internal.ICacheableKeyRingProvider.GetCacheableKeyRing(DateTimeOffset now)
   at Microsoft.AspNetCore.DataProtection.KeyManagement.KeyRingProvider.GetCurrentKeyRingCore(DateTime utcNow)|url: |action: 
2023-03-14 09:35:40.1784||INFO|Hangfire.PostgreSql.PostgreSqlStorage|Start installing Hangfire SQL objects... |url: |action: 
2023-03-14 09:35:40.2650||INFO|Hangfire.PostgreSql.PostgreSqlStorage|Hangfire SQL objects installed. |url: |action: 
2023-03-14 09:35:41.0402||INFO|Hangfire.BackgroundJobServer|Starting Hangfire Server using job storage: 'PostgreSQL Server: Host: localhost, DB: HDTL, Schema: hangfire' |url: |action: 
2023-03-14 09:35:41.0402||INFO|Hangfire.BackgroundJobServer|Using the following options for SQL Server job storage: |url: |action: 
2023-03-14 09:35:41.0402||INFO|Hangfire.BackgroundJobServer|    Queue poll interval: 00:00:15. |url: |action: 
2023-03-14 09:35:41.0402||INFO|Hangfire.BackgroundJobServer|    Invisibility timeout: 00:30:00. |url: |action: 
2023-03-14 09:35:41.0402||INFO|Hangfire.BackgroundJobServer|Using the following options for Hangfire Server:
    Worker count: 20
    Listening queues: 'default'
    Shutdown timeout: 00:00:15
    Schedule polling interval: 00:00:15 |url: |action: 
2023-03-14 09:35:41.0650||DEBUG|Hangfire.Processing.BackgroundExecution|Execution loop BackgroundServerProcess:8dd8e95f has started in 10.8275 ms |url: |action: 
2023-03-14 09:35:41.0995||TRACE|Hangfire.Server.BackgroundServerProcess|Server desktop-8nqps5h:20488:ece30d03 is announcing itself... |url: |action: 
2023-03-14 09:35:41.2110||INFO|Hangfire.Server.BackgroundServerProcess|Server desktop-8nqps5h:20488:ece30d03 successfully announced in 108.9878 ms |url: |action: 
2023-03-14 09:35:41.2242||DEBUG|Hangfire.Processing.BackgroundExecution|Execution loop ServerHeartbeatProcess:fd25ec10 has started in 10.9106 ms |url: |action: 
2023-03-14 09:35:41.2242||INFO|Hangfire.Server.BackgroundServerProcess|Server desktop-8nqps5h:20488:ece30d03 is starting the registered dispatchers: ServerWatchdog, ServerJobCancellationWatcher, ExpirationManager, Worker, DelayedJobScheduler, RecurringJobScheduler... |url: |action: 
2023-03-14 09:35:41.2242||DEBUG|Hangfire.Processing.BackgroundExecution|Execution loop ServerWatchdog:f1c1f3f8 has started in 4.4351 ms |url: |action: 
2023-03-14 09:35:41.2242||DEBUG|Hangfire.Processing.BackgroundExecution|Execution loop ServerJobCancellationWatcher:7b989e6b has started in 9.9338 ms |url: |action: 
2023-03-14 09:35:41.2409||TRACE|Hangfire.Server.ServerHeartbeatProcess|Server desktop-8nqps5h:20488:ece30d03 waiting for 00:00:30 delay before sending a heartbeat |url: |action: 
2023-03-14 09:35:41.2409||TRACE|Hangfire.Server.ServerJobCancellationWatcher|Checking for aborted jobs... |url: |action: 
2023-03-14 09:35:41.2409||INFO|Hangfire.Server.ServerWatchdog|2 servers were removed due to timeout |url: |action: 
2023-03-14 09:35:41.2409||DEBUG|Hangfire.Processing.BackgroundExecution|Execution loop ExpirationManager:b4d20875 has started in 6.397 ms |url: |action: 
2023-03-14 09:35:41.2409||DEBUG|Hangfire.Processing.BackgroundExecution|Execution loop Worker:e60931af has started in 14.9338 ms |url: |action: 
2023-03-14 09:35:41.2570||DEBUG|Hangfire.Processing.BackgroundExecution|Execution loop Worker:807fdfb4 has started in 19.5024 ms |url: |action: 
2023-03-14 09:35:41.2570||DEBUG|Hangfire.PostgreSql.ExpirationManager|Removing outdated records from table 'counter'... |url: |action: 
2023-03-14 09:35:41.2740||DEBUG|Hangfire.Processing.BackgroundExecution|Execution loop Worker:20e985eb has started in 36.4507 ms |url: |action: 
2023-03-14 09:35:41.2892||DEBUG|Hangfire.Processing.BackgroundExecution|Execution loop Worker:b33dbf57 has started in 51.6954 ms |url: |action: 
2023-03-14 09:35:41.3259||DEBUG|Hangfire.Processing.BackgroundExecution|Execution loop Worker:54863a71 has started in 88.4693 ms |url: |action: 
2023-03-14 09:35:41.3565||DEBUG|Hangfire.Processing.BackgroundExecution|Execution loop Worker:f1b3998c has started in 119.0722 ms |url: |action: 
2023-03-14 09:35:41.3618||TRACE|Hangfire.Server.ServerJobCancellationWatcher|No newly aborted jobs found. |url: |action: 
2023-03-14 09:35:41.3906||DEBUG|Hangfire.Processing.BackgroundExecution|Execution loop Worker:efa18a84 has started in 153.0981 ms |url: |action: 
2023-03-14 09:35:41.3997||TRACE|Hangfire.RecurringJobManager|Recurring job 'Deadline' is being updated. RecurringJob: (), Changes: (Queue:default;Cron:* * * * *;TimeZoneId:SE Asia Standard Time;Job:{"Type":"TN.TNM.Api.RecurringJobs.RecurringJobsService, TN.TNM.Api, Version=2.0.0.0, Culture=neutral, PublicKeyToken=null","Method":"AlertReportPoint","ParameterTypes":"[]","Arguments":"[]"};CreatedAt:2023-03-14T02:35:41.1356216Z;NextExecution:2023-03-14T02:36:00.0000000Z;V:2), NextExecution: (3/14/2023 2:36:00 AM) |url: |action: 
2023-03-14 09:35:41.4328||INFO|Hangfire.PostgreSql.ExpirationManager|Removed 1000 outdated record(s) from 'counter' table. |url: |action: 
2023-03-14 09:35:41.4940||DEBUG|Hangfire.Processing.BackgroundExecution|Execution loop Worker:57393b12 has started in 252.5734 ms |url: |action: 
2023-03-14 09:35:41.5204||DEBUG|Hangfire.Processing.BackgroundExecution|Execution loop Worker:8334592d has started in 282.904 ms |url: |action: 
2023-03-14 09:35:41.5204||DEBUG|Hangfire.Processing.BackgroundExecution|Execution loop Worker:17558f7b has started in 290.3812 ms |url: |action: 
2023-03-14 09:35:41.5446||DEBUG|Hangfire.Processing.BackgroundExecution|Execution loop Worker:d373ecc8 has started in 306.6878 ms |url: |action: 
2023-03-14 09:35:41.5763||DEBUG|Hangfire.Processing.BackgroundExecution|Execution loop Worker:a3d1aeaa has started in 338.8279 ms |url: |action: 
2023-03-14 09:35:41.5611||DEBUG|Hangfire.Processing.BackgroundExecution|Execution loop Worker:54e90e23 has started in 323.3168 ms |url: |action: 
2023-03-14 09:35:41.5820||DEBUG|Hangfire.Processing.BackgroundExecution|Execution loop Worker:3406d94c has started in 343.9529 ms |url: |action: 
2023-03-14 09:35:41.5820||DEBUG|Hangfire.Processing.BackgroundExecution|Execution loop Worker:d4cfab93 has started in 353.2549 ms |url: |action: 
2023-03-14 09:35:41.5989||DEBUG|Hangfire.Processing.BackgroundExecution|Execution loop Worker:6721446b has started in 361.4657 ms |url: |action: 
2023-03-14 09:35:41.6248||DEBUG|Hangfire.Processing.BackgroundExecution|Execution loop Worker:4b0b6d76 has started in 387.2678 ms |url: |action: 
2023-03-14 09:35:41.6716||DEBUG|Hangfire.Processing.BackgroundExecution|Execution loop Worker:acec2773 has started in 433.6649 ms |url: |action: 
2023-03-14 09:35:41.6922||DEBUG|Hangfire.Processing.BackgroundExecution|Execution loop Worker:b586b4c1 has started in 454.7506 ms |url: |action: 
2023-03-14 09:35:41.7447||DEBUG|Hangfire.Processing.BackgroundExecution|Execution loop Worker:3e55d8ad has started in 507.2609 ms |url: |action: 
2023-03-14 09:35:41.7671||DEBUG|Hangfire.Processing.BackgroundExecution|Execution loop DelayedJobScheduler:b8f8f69d has started in 80.0024 ms |url: |action: 
2023-03-14 09:35:41.8041||INFO|Hangfire.Server.BackgroundServerProcess|Server desktop-8nqps5h:20488:ece30d03 all the dispatchers started |url: |action: 
2023-03-14 09:35:41.8622||DEBUG|Hangfire.Processing.BackgroundExecution|Execution loop RecurringJobScheduler:1272fdae has started in 111.8628 ms |url: |action: 
2023-03-14 09:35:41.9959||INFO|Hangfire.BackgroundJobServer|Starting Hangfire Server using job storage: 'PostgreSQL Server: Host: localhost, DB: HDTL, Schema: hangfire' |url: |action: 
2023-03-14 09:35:41.9959||INFO|Hangfire.BackgroundJobServer|Using the following options for SQL Server job storage: |url: |action: 
2023-03-14 09:35:41.9959||INFO|Hangfire.BackgroundJobServer|    Queue poll interval: 00:00:15. |url: |action: 
2023-03-14 09:35:41.9959||INFO|Hangfire.BackgroundJobServer|    Invisibility timeout: 00:30:00. |url: |action: 
2023-03-14 09:35:41.9959||INFO|Hangfire.BackgroundJobServer|Using the following options for Hangfire Server:
    Worker count: 20
    Listening queues: 'default'
    Shutdown timeout: 00:00:30
    Schedule polling interval: 00:00:15 |url: |action: 
2023-03-14 09:35:42.0676||DEBUG|Hangfire.Processing.BackgroundExecution|Execution loop BackgroundServerProcess:1b50c1ec has started in 68.857 ms |url: |action: 
2023-03-14 09:35:42.0676||TRACE|Hangfire.Server.BackgroundServerProcess|Server desktop-8nqps5h:20488:591abca5 is announcing itself... |url: |action: 
2023-03-14 09:35:42.0993||INFO|Hangfire.Server.BackgroundServerProcess|Server desktop-8nqps5h:20488:591abca5 successfully announced in 13.8638 ms |url: |action: 
2023-03-14 09:35:42.0993||INFO|Hangfire.Server.BackgroundServerProcess|Server desktop-8nqps5h:20488:591abca5 is starting the registered dispatchers: ServerWatchdog, ServerJobCancellationWatcher, ExpirationManager, Worker, DelayedJobScheduler, RecurringJobScheduler... |url: |action: 
2023-03-14 09:35:42.0993||DEBUG|Hangfire.Processing.BackgroundExecution|Execution loop ServerHeartbeatProcess:c68c00a6 has started in 9.9621 ms |url: |action: 
2023-03-14 09:35:42.0993||TRACE|Hangfire.Server.ServerHeartbeatProcess|Server desktop-8nqps5h:20488:591abca5 waiting for 00:00:30 delay before sending a heartbeat |url: |action: 
2023-03-14 09:35:42.1228||TRACE|Hangfire.Server.RecurringJobScheduler|Recurring job 'Cảnh báo hạn báo cáo' is being updated. RecurringJob: (Queue:default;Cron:*/2 * * * *;TimeZoneId:SE Asia Standard Time;Job:{"Type":"TN.TNM.Api.RecurringJobs.RecurringJobsService, TN.TNM.Api, Version=2.0.0.0, Culture=neutral, PublicKeyToken=null","Method":"AlertReportPoint","ParameterTypes":"[]","Arguments":"[]"};CreatedAt:2023-01-06T03:27:30.0981312Z;V:2;LastExecution:2023-03-02T02:12:07.1395287Z;NextExecution:2023-03-02T02:14:00.0000000Z;LastJobId:16227), Changes: (LastExecution:2023-03-14T02:35:41.9058427Z;NextExecution:2023-03-14T02:36:00.0000000Z;LastJobId:16231), NextExecution: (3/14/2023 2:36:00 AM) |url: |action: 
2023-03-14 09:35:42.1354||DEBUG|Hangfire.Processing.BackgroundExecution|Execution loop ServerWatchdog:3c2c1b16 has started in 29.6073 ms |url: |action: 
2023-03-14 09:35:42.1354||DEBUG|Hangfire.Processing.BackgroundExecution|Execution loop ServerJobCancellationWatcher:fa016fd7 has started in 21.3835 ms |url: |action: 
2023-03-14 09:35:42.1451||TRACE|Hangfire.Server.ServerJobCancellationWatcher|Checking for aborted jobs... |url: |action: 
2023-03-14 09:35:42.1451||TRACE|Hangfire.Server.ServerJobCancellationWatcher|No newly aborted jobs found. |url: |action: 
2023-03-14 09:35:42.1588||DEBUG|Hangfire.Processing.BackgroundExecution|Execution loop ExpirationManager:09361257 has started in 19.4509 ms |url: |action: 
2023-03-14 09:35:42.1588||TRACE|Hangfire.Server.RecurringJobScheduler|Recurring job 'EVMDaily' is being updated. RecurringJob: (Job:{"Type":"TN.TNM.Api.RecurringJobs.RecurringJobsService, TN.TNM.Api, Version=2.0.0.0, Culture=neutral, PublicKeyToken=null","Method":"AlertReportPoint","ParameterTypes":"[]","Arguments":"[]"};CreatedAt:2023-01-11T06:09:11.7098468Z;V:2;Queue:default;Cron:*/10 * * * *;TimeZoneId:SE Asia Standard Time;LastExecution:2023-03-02T02:10:06.9857808Z;NextExecution:2023-03-02T02:20:00.0000000Z;LastJobId:16223), Changes: (LastExecution:2023-03-14T02:35:42.1474824Z;NextExecution:2023-03-14T02:40:00.0000000Z;LastJobId:16232), NextExecution: (3/14/2023 2:40:00 AM) |url: |action: 
2023-03-14 09:35:42.1588||DEBUG|Hangfire.PostgreSql.ExpirationManager|Removing outdated records from table 'counter'... |url: |action: 
2023-03-14 09:35:42.1832||INFO|Hangfire.PostgreSql.ExpirationManager|Removed 829 outdated record(s) from 'counter' table. |url: |action: 
2023-03-14 09:35:42.1832||DEBUG|Hangfire.Processing.BackgroundExecution|Execution loop Worker:5a269026 has started in 43.2978 ms |url: |action: 
2023-03-14 09:35:42.1832||TRACE|Hangfire.Server.RecurringJobScheduler|Recurring job 'StatusTask' is being updated. RecurringJob: (Queue:default;Cron:*/59 * * * *;TimeZoneId:SE Asia Standard Time;Job:{"Type":"TN.TNM.Api.RecurringJobs.RecurringJobsService, TN.TNM.Api, Version=2.0.0.0, Culture=neutral, PublicKeyToken=null","Method":"UpdateStatusTask","ParameterTypes":"[]","Arguments":"[]"};CreatedAt:2023-01-11T06:09:11.6277951Z;V:2;LastExecution:2023-03-02T02:00:06.1587000Z;NextExecution:2023-03-02T02:59:00.0000000Z;LastJobId:16209), Changes: (LastExecution:2023-03-14T02:35:42.1698732Z;NextExecution:2023-03-14T02:59:00.0000000Z;LastJobId:16233), NextExecution: (3/14/2023 2:59:00 AM) |url: |action: 
2023-03-14 09:35:42.1939||DEBUG|Hangfire.Processing.BackgroundExecution|Execution loop Worker:a113f915 has started in 48.6324 ms |url: |action: 
2023-03-14 09:35:42.2085||DEBUG|Hangfire.Processing.BackgroundExecution|Execution loop Worker:5b615a0d has started in 63.1807 ms |url: |action: 
2023-03-14 09:35:42.2085||DEBUG|Hangfire.Server.RecurringJobScheduler|3 recurring job(s) processed by scheduler. |url: |action: 
2023-03-14 09:35:42.2085||DEBUG|Hangfire.Processing.BackgroundExecution|Execution loop Worker:69664b16 has started in 73.5011 ms |url: |action: 
2023-03-14 09:35:42.2316||DEBUG|Hangfire.Processing.BackgroundExecution|Execution loop Worker:2f2a1480 has started in 86.2883 ms |url: |action: 
2023-03-14 09:35:42.2455||DEBUG|Hangfire.Processing.BackgroundExecution|Execution loop Worker:8c2029fd has started in 100.2061 ms |url: |action: 
2023-03-14 09:35:42.2566||DEBUG|Hangfire.Processing.BackgroundExecution|Execution loop Worker:f621afe9 has started in 111.0239 ms |url: |action: 
2023-03-14 09:35:42.2566||DEBUG|Hangfire.Processing.BackgroundExecution|Execution loop Worker:35370bdd has started in 117.5404 ms |url: |action: 
2023-03-14 09:35:42.2713||DEBUG|Hangfire.Processing.BackgroundExecution|Execution loop Worker:9a2b8aad has started in 124.9917 ms |url: |action: 
2023-03-14 09:35:42.2713||DEBUG|Hangfire.Processing.BackgroundExecution|Execution loop Worker:a54c21bb has started in 130.4004 ms |url: |action: 
2023-03-14 09:35:42.2882||DEBUG|Hangfire.Processing.BackgroundExecution|Execution loop Worker:4fa9d988 has started in 142.9017 ms |url: |action: 
2023-03-14 09:35:42.3118||DEBUG|Hangfire.Processing.BackgroundExecution|Execution loop Worker:837069ef has started in 166.5677 ms |url: |action: 
2023-03-14 09:35:42.3226||DEBUG|Hangfire.Processing.BackgroundExecution|Execution loop Worker:0a46b0d6 has started in 177.2501 ms |url: |action: 
2023-03-14 09:35:42.3447||DEBUG|Hangfire.Processing.BackgroundExecution|Execution loop Worker:ed67ef86 has started in 199.3836 ms |url: |action: 
2023-03-14 09:35:42.3774||DEBUG|Hangfire.Processing.BackgroundExecution|Execution loop Worker:cbb8b0e2 has started in 232.1459 ms |url: |action: 
2023-03-14 09:35:42.4308||DEBUG|Hangfire.Processing.BackgroundExecution|Execution loop Worker:5955bf57 has started in 285.4938 ms |url: |action: 
2023-03-14 09:35:42.4586||DEBUG|Hangfire.Processing.BackgroundExecution|Execution loop Worker:7af838e1 has started in 313.2483 ms |url: |action: 
2023-03-14 09:35:42.5338||DEBUG|Hangfire.Processing.BackgroundExecution|Execution loop Worker:730422cb has started in 388.3407 ms |url: |action: 
2023-03-14 09:35:42.5558||DEBUG|Hangfire.Processing.BackgroundExecution|Execution loop Worker:37515382 has started in 410.5256 ms |url: |action: 
2023-03-14 09:35:42.5730||DEBUG|Hangfire.Processing.BackgroundExecution|Execution loop Worker:8ba4c601 has started in 424.0995 ms |url: |action: 
2023-03-14 09:35:42.6081||DEBUG|Hangfire.Processing.BackgroundExecution|Execution loop DelayedJobScheduler:bbc888b0 has started in 52.1478 ms |url: |action: 
2023-03-14 09:35:42.6081||DEBUG|Hangfire.PostgreSql.ExpirationManager|Removing outdated records from table 'job'... |url: |action: 
2023-03-14 09:35:42.6193||INFO|Hangfire.Server.BackgroundServerProcess|Server desktop-8nqps5h:20488:591abca5 all the dispatchers started |url: |action: 
2023-03-14 09:35:42.6193||DEBUG|Hangfire.Processing.BackgroundExecution|Execution loop RecurringJobScheduler:1e2cea56 has started in 48.3877 ms |url: |action: 
2023-03-14 09:35:42.8034||INFO|Hangfire.PostgreSql.ExpirationManager|Removed 48 outdated record(s) from 'job' table. |url: |action: 
2023-03-14 09:35:43.2018||DEBUG|Hangfire.PostgreSql.ExpirationManager|Removing outdated records from table 'job'... |url: |action: 
2023-03-14 09:35:43.2069||DEBUG|Hangfire.PostgreSql.ExpirationManager|Removing outdated records from table 'list'... |url: |action: 
2023-03-14 09:35:43.2069||DEBUG|Hangfire.PostgreSql.ExpirationManager|Removing outdated records from table 'set'... |url: |action: 
2023-03-14 09:35:43.2069||DEBUG|Hangfire.PostgreSql.ExpirationManager|Removing outdated records from table 'hash'... |url: |action: 
2023-03-14 09:35:43.8143||DEBUG|Hangfire.PostgreSql.ExpirationManager|Removing outdated records from table 'list'... |url: |action: 
2023-03-14 09:35:43.8157||DEBUG|Hangfire.PostgreSql.ExpirationManager|Removing outdated records from table 'set'... |url: |action: 
2023-03-14 09:35:43.8157||DEBUG|Hangfire.PostgreSql.ExpirationManager|Removing outdated records from table 'hash'... |url: |action: 
2023-03-14 09:35:46.3737||TRACE|Hangfire.Server.ServerJobCancellationWatcher|Checking for aborted jobs... |url: |action: 
2023-03-14 09:35:46.3737||TRACE|Hangfire.Server.ServerJobCancellationWatcher|No newly aborted jobs found. |url: |action: 
2023-03-14 09:35:47.1570||TRACE|Hangfire.Server.ServerJobCancellationWatcher|Checking for aborted jobs... |url: |action: 
2023-03-14 09:35:47.1570||TRACE|Hangfire.Server.ServerJobCancellationWatcher|No newly aborted jobs found. |url: |action: 
2023-03-14 09:35:56.8596||TRACE|Hangfire.Server.ServerJobCancellationWatcher|Checking for aborted jobs... |url: |action: 
2023-03-14 09:35:56.8596||TRACE|Hangfire.Server.ServerJobCancellationWatcher|Checking for aborted jobs... |url: |action: 
2023-03-14 09:35:56.8596||TRACE|Hangfire.Server.ServerJobCancellationWatcher|No newly aborted jobs found. |url: |action: 
2023-03-14 09:35:56.8629||TRACE|Hangfire.Server.ServerJobCancellationWatcher|No newly aborted jobs found. |url: |action: 
2023-03-14 09:35:56.8629||INFO|TN.TNM.Api.Controllers.AssetController|+++++++++++++++++++++ API Post dataSwipe +++++++++++++++++++++++++++ |url: http://localhost/swipe/dataSwipe|action: checkData
2023-03-14 09:36:01.8763||TRACE|Hangfire.Server.ServerJobCancellationWatcher|Checking for aborted jobs... |url: |action: 
2023-03-14 09:36:01.8763||TRACE|Hangfire.Server.ServerJobCancellationWatcher|Checking for aborted jobs... |url: |action: 
2023-03-14 09:36:01.8776||TRACE|Hangfire.Server.ServerJobCancellationWatcher|No newly aborted jobs found. |url: |action: 
2023-03-14 09:36:01.8776||TRACE|Hangfire.Server.ServerJobCancellationWatcher|No newly aborted jobs found. |url: |action: 
2023-03-14 09:36:06.8827||TRACE|Hangfire.Server.ServerJobCancellationWatcher|Checking for aborted jobs... |url: |action: 
2023-03-14 09:36:06.8827||TRACE|Hangfire.Server.ServerJobCancellationWatcher|Checking for aborted jobs... |url: |action: 
2023-03-14 09:36:06.8827||TRACE|Hangfire.Server.ServerJobCancellationWatcher|No newly aborted jobs found. |url: |action: 
2023-03-14 09:36:06.8827||TRACE|Hangfire.Server.ServerJobCancellationWatcher|No newly aborted jobs found. |url: |action: 
2023-03-14 09:36:28.4428|48|ERROR|Microsoft.AspNetCore.DataProtection.KeyManagement.KeyRingProvider|An error occurred while reading the key ring. System.Xml.XmlException: '.', hexadecimal value 0x00, is an invalid character. Line 1, position 1.
   at System.Xml.XmlTextReaderImpl.Throw(Exception e)
   at System.Xml.XmlTextReaderImpl.Throw(String res, String[] args)
   at System.Xml.XmlTextReaderImpl.ParseRootLevelWhitespace()
   at System.Xml.XmlTextReaderImpl.ParseDocumentContent()
   at System.Xml.XmlTextReaderImpl.Read()
   at System.Xml.XmlReader.MoveToContent()
   at System.Xml.Linq.XElement.Load(XmlReader reader, LoadOptions options)
   at System.Xml.Linq.XElement.Load(Stream stream, LoadOptions options)
   at System.Xml.Linq.XElement.Load(Stream stream)
   at Microsoft.AspNetCore.DataProtection.Repositories.FileSystemXmlRepository.ReadElementFromFile(String fullPath)
   at Microsoft.AspNetCore.DataProtection.Repositories.FileSystemXmlRepository.GetAllElementsCore()+MoveNext()
   at System.Collections.Generic.List`1.AddEnumerable(IEnumerable`1 enumerable)
   at System.Linq.Enumerable.ToList[TSource](IEnumerable`1 source)
   at Microsoft.AspNetCore.DataProtection.Repositories.FileSystemXmlRepository.GetAllElements()
   at Microsoft.AspNetCore.DataProtection.KeyManagement.XmlKeyManager.GetAllKeys()
   at Microsoft.AspNetCore.DataProtection.KeyManagement.KeyRingProvider.CreateCacheableKeyRingCore(DateTimeOffset now, IKey keyJustAdded)
   at Microsoft.AspNetCore.DataProtection.KeyManagement.KeyRingProvider.Microsoft.AspNetCore.DataProtection.KeyManagement.Internal.ICacheableKeyRingProvider.GetCacheableKeyRing(DateTimeOffset now)
   at Microsoft.AspNetCore.DataProtection.KeyManagement.KeyRingProvider.GetCurrentKeyRingCore(DateTime utcNow)|url: |action: 
2023-03-14 09:36:29.5066||INFO|Hangfire.PostgreSql.PostgreSqlStorage|Start installing Hangfire SQL objects... |url: |action: 
2023-03-14 09:36:29.5526||INFO|Hangfire.PostgreSql.PostgreSqlStorage|Hangfire SQL objects installed. |url: |action: 
2023-03-14 09:36:30.1300||INFO|Hangfire.BackgroundJobServer|Starting Hangfire Server using job storage: 'PostgreSQL Server: Host: localhost, DB: HDTL, Schema: hangfire' |url: |action: 
2023-03-14 09:36:30.1300||INFO|Hangfire.BackgroundJobServer|Using the following options for SQL Server job storage: |url: |action: 
2023-03-14 09:36:30.1300||INFO|Hangfire.BackgroundJobServer|    Queue poll interval: 00:00:15. |url: |action: 
2023-03-14 09:36:30.1300||INFO|Hangfire.BackgroundJobServer|    Invisibility timeout: 00:30:00. |url: |action: 
2023-03-14 09:36:30.1300||INFO|Hangfire.BackgroundJobServer|Using the following options for Hangfire Server:
    Worker count: 20
    Listening queues: 'default'
    Shutdown timeout: 00:00:15
    Schedule polling interval: 00:00:15 |url: |action: 
2023-03-14 09:36:30.1633||DEBUG|Hangfire.Processing.BackgroundExecution|Execution loop BackgroundServerProcess:cb019a64 has started in 13.9792 ms |url: |action: 
2023-03-14 09:36:30.1892||TRACE|Hangfire.Server.BackgroundServerProcess|Server desktop-8nqps5h:6588:f04a8869 is announcing itself... |url: |action: 
2023-03-14 09:36:30.2644||INFO|Hangfire.Server.BackgroundServerProcess|Server desktop-8nqps5h:6588:f04a8869 successfully announced in 73.9531 ms |url: |action: 
2023-03-14 09:36:30.2733||DEBUG|Hangfire.Processing.BackgroundExecution|Execution loop ServerHeartbeatProcess:fc25be28 has started in 6.0272 ms |url: |action: 
2023-03-14 09:36:30.2733||INFO|Hangfire.Server.BackgroundServerProcess|Server desktop-8nqps5h:6588:f04a8869 is starting the registered dispatchers: ServerWatchdog, ServerJobCancellationWatcher, ExpirationManager, Worker, DelayedJobScheduler, RecurringJobScheduler... |url: |action: 
2023-03-14 09:36:30.2733||DEBUG|Hangfire.Processing.BackgroundExecution|Execution loop ServerWatchdog:b0091f3a has started in 5.7388 ms |url: |action: 
2023-03-14 09:36:30.2864||DEBUG|Hangfire.Processing.BackgroundExecution|Execution loop ServerJobCancellationWatcher:7928693c has started in 11.8756 ms |url: |action: 
2023-03-14 09:36:30.2864||DEBUG|Hangfire.Processing.BackgroundExecution|Execution loop ExpirationManager:120ee3e2 has started in 10.4319 ms |url: |action: 
2023-03-14 09:36:30.2864||TRACE|Hangfire.Server.ServerJobCancellationWatcher|Checking for aborted jobs... |url: |action: 
2023-03-14 09:36:30.2864||TRACE|Hangfire.Server.ServerHeartbeatProcess|Server desktop-8nqps5h:6588:f04a8869 waiting for 00:00:30 delay before sending a heartbeat |url: |action: 
2023-03-14 09:36:30.2864||DEBUG|Hangfire.Processing.BackgroundExecution|Execution loop Worker:6a23a69b has started in 8.4815 ms |url: |action: 
2023-03-14 09:36:30.3026||DEBUG|Hangfire.Processing.BackgroundExecution|Execution loop Worker:353fae10 has started in 15.3141 ms |url: |action: 
2023-03-14 09:36:30.3026||DEBUG|Hangfire.Processing.BackgroundExecution|Execution loop Worker:48b9466c has started in 18.4269 ms |url: |action: 
2023-03-14 09:36:30.3026||DEBUG|Hangfire.PostgreSql.ExpirationManager|Removing outdated records from table 'counter'... |url: |action: 
2023-03-14 09:36:30.3026||DEBUG|Hangfire.Processing.BackgroundExecution|Execution loop Worker:c9c3595a has started in 22.4222 ms |url: |action: 
2023-03-14 09:36:30.3026||DEBUG|Hangfire.Processing.BackgroundExecution|Execution loop Worker:f60d826b has started in 26.3232 ms |url: |action: 
2023-03-14 09:36:30.3353||DEBUG|Hangfire.Processing.BackgroundExecution|Execution loop Worker:69145950 has started in 48.2442 ms |url: |action: 
2023-03-14 09:36:30.3621||DEBUG|Hangfire.Processing.BackgroundExecution|Execution loop Worker:68a10909 has started in 75.0534 ms |url: |action: 
2023-03-14 09:36:30.3995||DEBUG|Hangfire.Processing.BackgroundExecution|Execution loop Worker:6211a709 has started in 111.5077 ms |url: |action: 
2023-03-14 09:36:30.4435||DEBUG|Hangfire.Processing.BackgroundExecution|Execution loop Worker:b58ee398 has started in 156.3361 ms |url: |action: 
2023-03-14 09:36:30.4596||TRACE|Hangfire.Server.ServerJobCancellationWatcher|No newly aborted jobs found. |url: |action: 
2023-03-14 09:36:30.4804||DEBUG|Hangfire.Processing.BackgroundExecution|Execution loop Worker:774b8012 has started in 193.4059 ms |url: |action: 
2023-03-14 09:36:30.5111||DEBUG|Hangfire.Processing.BackgroundExecution|Execution loop Worker:c56d8d3c has started in 211.9998 ms |url: |action: 
2023-03-14 09:36:30.5243||DEBUG|Hangfire.Processing.BackgroundExecution|Execution loop Worker:b58b0f85 has started in 237.2568 ms |url: |action: 
2023-03-14 09:36:30.5772||DEBUG|Hangfire.Processing.BackgroundExecution|Execution loop Worker:93d154f4 has started in 289.8051 ms |url: |action: 
2023-03-14 09:36:30.5994||DEBUG|Hangfire.PostgreSql.ExpirationManager|Removing outdated records from table 'job'... |url: |action: 
2023-03-14 09:36:30.5994||DEBUG|Hangfire.PostgreSql.ExpirationManager|Removing outdated records from table 'list'... |url: |action: 
2023-03-14 09:36:30.5994||DEBUG|Hangfire.PostgreSql.ExpirationManager|Removing outdated records from table 'set'... |url: |action: 
2023-03-14 09:36:30.5994||DEBUG|Hangfire.PostgreSql.ExpirationManager|Removing outdated records from table 'hash'... |url: |action: 
2023-03-14 09:36:30.7018||DEBUG|Hangfire.Processing.BackgroundExecution|Execution loop Worker:70f57c11 has started in 414.7307 ms |url: |action: 
2023-03-14 09:36:30.7521||DEBUG|Hangfire.Processing.BackgroundExecution|Execution loop Worker:0da74223 has started in 465.0053 ms |url: |action: 
2023-03-14 09:36:30.7631||DEBUG|Hangfire.Processing.BackgroundExecution|Execution loop Worker:8ccb2903 has started in 476.0027 ms |url: |action: 
2023-03-14 09:36:30.8094||DEBUG|Hangfire.Processing.BackgroundExecution|Execution loop Worker:6c3c6b76 has started in 521.8823 ms |url: |action: 
2023-03-14 09:36:30.8177||DEBUG|Hangfire.Processing.BackgroundExecution|Execution loop Worker:9e3ce1be has started in 530.6981 ms |url: |action: 
2023-03-14 09:36:30.8177||DEBUG|Hangfire.Processing.BackgroundExecution|Execution loop Worker:c1ecc927 has started in 538.5068 ms |url: |action: 
2023-03-14 09:36:30.8177||DEBUG|Hangfire.Processing.BackgroundExecution|Execution loop Worker:5c050f1b has started in 542.8326 ms |url: |action: 
2023-03-14 09:36:30.8380||DEBUG|Hangfire.Processing.BackgroundExecution|Execution loop DelayedJobScheduler:599f2c5c has started in 12.4167 ms |url: |action: 
2023-03-14 09:36:30.8380||INFO|Hangfire.Server.BackgroundServerProcess|Server desktop-8nqps5h:6588:f04a8869 all the dispatchers started |url: |action: 
2023-03-14 09:36:30.8571||DEBUG|Hangfire.Processing.BackgroundExecution|Execution loop RecurringJobScheduler:505a77c9 has started in 25.6128 ms |url: |action: 
2023-03-14 09:36:30.8697||TRACE|Hangfire.RecurringJobManager|Recurring job 'Deadline' is being updated. RecurringJob: (), Changes: (Queue:default;Cron:* * * * *;TimeZoneId:SE Asia Standard Time;Job:{"Type":"TN.TNM.Api.RecurringJobs.RecurringJobsService, TN.TNM.Api, Version=2.0.0.0, Culture=neutral, PublicKeyToken=null","Method":"AlertReportPoint","ParameterTypes":"[]","Arguments":"[]"};CreatedAt:2023-03-14T02:36:30.2238970Z;NextExecution:2023-03-14T02:37:00.0000000Z;V:2), NextExecution: (3/14/2023 2:37:00 AM) |url: |action: 
2023-03-14 09:36:30.8942||INFO|Hangfire.BackgroundJobServer|Starting Hangfire Server using job storage: 'PostgreSQL Server: Host: localhost, DB: HDTL, Schema: hangfire' |url: |action: 
2023-03-14 09:36:30.8942||INFO|Hangfire.BackgroundJobServer|Using the following options for SQL Server job storage: |url: |action: 
2023-03-14 09:36:30.8942||INFO|Hangfire.BackgroundJobServer|    Queue poll interval: 00:00:15. |url: |action: 
2023-03-14 09:36:30.8942||INFO|Hangfire.BackgroundJobServer|    Invisibility timeout: 00:30:00. |url: |action: 
2023-03-14 09:36:30.8942||INFO|Hangfire.BackgroundJobServer|Using the following options for Hangfire Server:
    Worker count: 20
    Listening queues: 'default'
    Shutdown timeout: 00:00:30
    Schedule polling interval: 00:00:15 |url: |action: 
2023-03-14 09:36:30.9245||DEBUG|Hangfire.Processing.BackgroundExecution|Execution loop BackgroundServerProcess:4ab61455 has started in 28.2014 ms |url: |action: 
2023-03-14 09:36:30.9263||TRACE|Hangfire.Server.BackgroundServerProcess|Server desktop-8nqps5h:6588:db301109 is announcing itself... |url: |action: 
2023-03-14 09:36:30.9263||INFO|Hangfire.Server.BackgroundServerProcess|Server desktop-8nqps5h:6588:db301109 successfully announced in 3.2063 ms |url: |action: 
2023-03-14 09:36:30.9470||INFO|Hangfire.Server.BackgroundServerProcess|Server desktop-8nqps5h:6588:db301109 is starting the registered dispatchers: ServerWatchdog, ServerJobCancellationWatcher, ExpirationManager, Worker, DelayedJobScheduler, RecurringJobScheduler... |url: |action: 
2023-03-14 09:36:30.9713||DEBUG|Hangfire.Processing.BackgroundExecution|Execution loop ServerHeartbeatProcess:a1227234 has started in 40.1472 ms |url: |action: 
2023-03-14 09:36:30.9720||TRACE|Hangfire.Server.ServerHeartbeatProcess|Server desktop-8nqps5h:6588:db301109 waiting for 00:00:30 delay before sending a heartbeat |url: |action: 
2023-03-14 09:36:30.9720||DEBUG|Hangfire.Processing.BackgroundExecution|Execution loop ServerWatchdog:6eca88a3 has started in 35.842 ms |url: |action: 
2023-03-14 09:36:30.9940||DEBUG|Hangfire.Processing.BackgroundExecution|Execution loop ServerJobCancellationWatcher:881adfd5 has started in 18.4553 ms |url: |action: 
2023-03-14 09:36:30.9940||TRACE|Hangfire.Server.ServerJobCancellationWatcher|Checking for aborted jobs... |url: |action: 
2023-03-14 09:36:30.9940||TRACE|Hangfire.Server.ServerJobCancellationWatcher|No newly aborted jobs found. |url: |action: 
2023-03-14 09:36:30.9940||DEBUG|Hangfire.Processing.BackgroundExecution|Execution loop ExpirationManager:15f4bc64 has started in 18.3815 ms |url: |action: 
2023-03-14 09:36:31.0032||DEBUG|Hangfire.PostgreSql.ExpirationManager|Removing outdated records from table 'counter'... |url: |action: 
2023-03-14 09:36:31.0032||DEBUG|Hangfire.Processing.BackgroundExecution|Execution loop Worker:aabcc08f has started in 15.3968 ms |url: |action: 
2023-03-14 09:36:31.0032||DEBUG|Hangfire.PostgreSql.ExpirationManager|Removing outdated records from table 'job'... |url: |action: 
2023-03-14 09:36:31.0191||DEBUG|Hangfire.Processing.BackgroundExecution|Execution loop Worker:45da47bd has started in 25.0515 ms |url: |action: 
2023-03-14 09:36:31.0191||DEBUG|Hangfire.PostgreSql.ExpirationManager|Removing outdated records from table 'list'... |url: |action: 
2023-03-14 09:36:31.0191||DEBUG|Hangfire.Processing.BackgroundExecution|Execution loop Worker:d060b037 has started in 30.762 ms |url: |action: 
2023-03-14 09:36:31.0191||DEBUG|Hangfire.PostgreSql.ExpirationManager|Removing outdated records from table 'set'... |url: |action: 
2023-03-14 09:36:31.0191||DEBUG|Hangfire.Processing.BackgroundExecution|Execution loop Worker:3c66dd2d has started in 38.7912 ms |url: |action: 
2023-03-14 09:36:31.0387||DEBUG|Hangfire.Processing.BackgroundExecution|Execution loop Worker:8cce0e84 has started in 42.8432 ms |url: |action: 
2023-03-14 09:36:31.0387||DEBUG|Hangfire.Processing.BackgroundExecution|Execution loop Worker:444fabf6 has started in 52.063 ms |url: |action: 
2023-03-14 09:36:31.0537||DEBUG|Hangfire.Processing.BackgroundExecution|Execution loop Worker:b9d1967e has started in 59.6881 ms |url: |action: 
2023-03-14 09:36:31.0537||TRACE|Hangfire.Server.RecurringJobScheduler|Recurring job 'Cảnh báo hạn báo cáo' is being updated. RecurringJob: (Queue:default;Cron:*/2 * * * *;TimeZoneId:SE Asia Standard Time;Job:{"Type":"TN.TNM.Api.RecurringJobs.RecurringJobsService, TN.TNM.Api, Version=2.0.0.0, Culture=neutral, PublicKeyToken=null","Method":"AlertReportPoint","ParameterTypes":"[]","Arguments":"[]"};CreatedAt:2023-01-06T03:27:30.0981312Z;V:2;LastExecution:2023-03-14T02:35:41.9058427Z;NextExecution:2023-03-14T02:36:00.0000000Z;LastJobId:16231), Changes: (LastExecution:2023-03-14T02:36:30.8795932Z;NextExecution:2023-03-14T02:38:00.0000000Z;LastJobId:16235), NextExecution: (3/14/2023 2:38:00 AM) |url: |action: 
2023-03-14 09:36:31.0537||DEBUG|Hangfire.Processing.BackgroundExecution|Execution loop Worker:cf2340d0 has started in 66.5386 ms |url: |action: 
2023-03-14 09:36:31.0672||DEBUG|Hangfire.Server.RecurringJobScheduler|1 recurring job(s) processed by scheduler. |url: |action: 
2023-03-14 09:36:31.0966||DEBUG|Hangfire.Processing.BackgroundExecution|Execution loop Worker:2869699e has started in 102.5915 ms |url: |action: 
2023-03-14 09:36:31.1520||DEBUG|Hangfire.Processing.BackgroundExecution|Execution loop Worker:a017f74e has started in 153.7616 ms |url: |action: 
2023-03-14 09:36:31.1681||DEBUG|Hangfire.PostgreSql.ExpirationManager|Removing outdated records from table 'hash'... |url: |action: 
2023-03-14 09:36:31.1934||DEBUG|Hangfire.Processing.BackgroundExecution|Execution loop Worker:9c5bc5f7 has started in 199.3797 ms |url: |action: 
2023-03-14 09:36:31.2746||DEBUG|Hangfire.Processing.BackgroundExecution|Execution loop Worker:72cf7a70 has started in 279.8863 ms |url: |action: 
2023-03-14 09:36:31.2746||DEBUG|Hangfire.Processing.BackgroundExecution|Execution loop Worker:4f6d04cc has started in 287.0702 ms |url: |action: 
2023-03-14 09:36:31.2897||DEBUG|Hangfire.Processing.BackgroundExecution|Execution loop Worker:fff59a55 has started in 295.6668 ms |url: |action: 
2023-03-14 09:36:31.2897||DEBUG|Hangfire.Processing.BackgroundExecution|Execution loop Worker:2075676e has started in 303.3666 ms |url: |action: 
2023-03-14 09:36:31.3108||DEBUG|Hangfire.Processing.BackgroundExecution|Execution loop Worker:829aa70e has started in 316.7972 ms |url: |action: 
2023-03-14 09:36:31.3255||DEBUG|Hangfire.Processing.BackgroundExecution|Execution loop Worker:f8b0e248 has started in 331.5275 ms |url: |action: 
2023-03-14 09:36:31.3409||DEBUG|Hangfire.Processing.BackgroundExecution|Execution loop Worker:47b03581 has started in 346.7912 ms |url: |action: 
2023-03-14 09:36:31.3591||DEBUG|Hangfire.Processing.BackgroundExecution|Execution loop Worker:9859807e has started in 365.0841 ms |url: |action: 
2023-03-14 09:36:31.3766||DEBUG|Hangfire.Processing.BackgroundExecution|Execution loop Worker:8086da95 has started in 382.5501 ms |url: |action: 
2023-03-14 09:36:31.4262||DEBUG|Hangfire.Processing.BackgroundExecution|Execution loop DelayedJobScheduler:b33f6304 has started in 100.7212 ms |url: |action: 
2023-03-14 09:36:31.4494||INFO|Hangfire.Server.BackgroundServerProcess|Server desktop-8nqps5h:6588:db301109 all the dispatchers started |url: |action: 
2023-03-14 09:36:31.4697||DEBUG|Hangfire.Processing.BackgroundExecution|Execution loop RecurringJobScheduler:bb0321f1 has started in 106.4362 ms |url: |action: 
2023-03-14 09:36:35.4742||TRACE|Hangfire.Server.ServerJobCancellationWatcher|Checking for aborted jobs... |url: |action: 
2023-03-14 09:36:35.4742||TRACE|Hangfire.Server.ServerJobCancellationWatcher|No newly aborted jobs found. |url: |action: 
2023-03-14 09:36:36.0091||TRACE|Hangfire.Server.ServerJobCancellationWatcher|Checking for aborted jobs... |url: |action: 
2023-03-14 09:36:36.0091||TRACE|Hangfire.Server.ServerJobCancellationWatcher|No newly aborted jobs found. |url: |action: 
2023-03-14 09:36:40.4779||TRACE|Hangfire.Server.ServerJobCancellationWatcher|Checking for aborted jobs... |url: |action: 
2023-03-14 09:36:40.4779||TRACE|Hangfire.Server.ServerJobCancellationWatcher|No newly aborted jobs found. |url: |action: 
2023-03-14 09:36:41.0207||TRACE|Hangfire.Server.ServerJobCancellationWatcher|Checking for aborted jobs... |url: |action: 
2023-03-14 09:36:41.0207||TRACE|Hangfire.Server.ServerJobCancellationWatcher|No newly aborted jobs found. |url: |action: 
2023-03-14 09:36:46.1910||TRACE|Hangfire.Server.ServerJobCancellationWatcher|Checking for aborted jobs... |url: |action: 
2023-03-14 09:36:46.1910||TRACE|Hangfire.Server.ServerJobCancellationWatcher|No newly aborted jobs found. |url: |action: 
2023-03-14 09:36:46.1910||TRACE|Hangfire.Server.ServerJobCancellationWatcher|Checking for aborted jobs... |url: |action: 
2023-03-14 09:36:46.4858||TRACE|Hangfire.Server.ServerJobCancellationWatcher|No newly aborted jobs found. |url: |action: 
2023-03-14 09:36:47.2997||INFO|TN.TNM.Api.Controllers.AssetController|+++++++++++++++++++++ API Post dataSwipe +++++++++++++++++++++++++++ |url: http://localhost/swipe/dataSwipe|action: checkData
2023-03-14 09:36:51.4385||TRACE|Hangfire.Server.ServerJobCancellationWatcher|Checking for aborted jobs... |url: |action: 
2023-03-14 09:36:51.4385||TRACE|Hangfire.Server.ServerJobCancellationWatcher|No newly aborted jobs found. |url: |action: 
2023-03-14 09:36:51.4979||TRACE|Hangfire.Server.ServerJobCancellationWatcher|Checking for aborted jobs... |url: |action: 
2023-03-14 09:36:51.4979||TRACE|Hangfire.Server.ServerJobCancellationWatcher|No newly aborted jobs found. |url: |action: 
2023-03-14 09:36:56.4429||TRACE|Hangfire.Server.ServerJobCancellationWatcher|Checking for aborted jobs... |url: |action: 
2023-03-14 09:36:56.4429||TRACE|Hangfire.Server.ServerJobCancellationWatcher|No newly aborted jobs found. |url: |action: 
2023-03-14 09:36:56.5059||TRACE|Hangfire.Server.ServerJobCancellationWatcher|Checking for aborted jobs... |url: |action: 
2023-03-14 09:36:56.5059||TRACE|Hangfire.Server.ServerJobCancellationWatcher|No newly aborted jobs found. |url: |action: 
2023-03-14 09:37:00.3325||DEBUG|Hangfire.Server.ServerHeartbeatProcess|Server desktop-8nqps5h:6588:f04a8869 heartbeat successfully sent |url: |action: 
2023-03-14 09:37:00.3325||TRACE|Hangfire.Server.ServerHeartbeatProcess|Server desktop-8nqps5h:6588:f04a8869 waiting for 00:00:30 delay before sending a heartbeat |url: |action: 
2023-03-14 09:37:00.9831||DEBUG|Hangfire.Server.ServerHeartbeatProcess|Server desktop-8nqps5h:6588:db301109 heartbeat successfully sent |url: |action: 
2023-03-14 09:37:00.9831||TRACE|Hangfire.Server.ServerHeartbeatProcess|Server desktop-8nqps5h:6588:db301109 waiting for 00:00:30 delay before sending a heartbeat |url: |action: 
2023-03-14 09:37:01.2322||TRACE|Hangfire.Server.RecurringJobScheduler|Recurring job 'Deadline' is being updated. RecurringJob: (Queue:default;Cron:* * * * *;TimeZoneId:SE Asia Standard Time;Job:{"Type":"TN.TNM.Api.RecurringJobs.RecurringJobsService, TN.TNM.Api, Version=2.0.0.0, Culture=neutral, PublicKeyToken=null","Method":"AlertReportPoint","ParameterTypes":"[]","Arguments":"[]"};CreatedAt:2023-03-14T02:36:30.2238970Z;NextExecution:2023-03-14T02:37:00.0000000Z;V:2), Changes: (LastExecution:2023-03-14T02:37:01.2221855Z;NextExecution:2023-03-14T02:38:00.0000000Z;LastJobId:16236), NextExecution: (3/14/2023 2:38:00 AM) |url: |action: 
2023-03-14 09:37:01.2392||DEBUG|Hangfire.Server.RecurringJobScheduler|1 recurring job(s) processed by scheduler. |url: |action: 
2023-03-14 09:37:01.4495||TRACE|Hangfire.Server.ServerJobCancellationWatcher|Checking for aborted jobs... |url: |action: 
2023-03-14 09:37:01.4495||TRACE|Hangfire.Server.ServerJobCancellationWatcher|No newly aborted jobs found. |url: |action: 
2023-03-14 09:37:01.5125||TRACE|Hangfire.Server.ServerJobCancellationWatcher|Checking for aborted jobs... |url: |action: 
2023-03-14 09:37:01.5125||TRACE|Hangfire.Server.ServerJobCancellationWatcher|No newly aborted jobs found. |url: |action: 
2023-03-14 09:37:06.4615||TRACE|Hangfire.Server.ServerJobCancellationWatcher|Checking for aborted jobs... |url: |action: 
2023-03-14 09:37:06.4615||TRACE|Hangfire.Server.ServerJobCancellationWatcher|No newly aborted jobs found. |url: |action: 
2023-03-14 09:37:06.5153||TRACE|Hangfire.Server.ServerJobCancellationWatcher|Checking for aborted jobs... |url: |action: 
2023-03-14 09:37:06.5153||TRACE|Hangfire.Server.ServerJobCancellationWatcher|No newly aborted jobs found. |url: |action: 
